10+20
30
console.log("안녕하세요.")
VM1308:1 안녕하세요.
undefined
alert("안녕하세요.")
undefined
a=10
10
console.log(a)
VM1404:1 10
undefined
confirm("종료하시겠습니까?")
true
prompt("당신의 이름은?")
'엄지민'
prompt("종료하시겠습니까?(예/아니요)","예")
'예'
name="엄지민"
'엄지민'
console.log(name + "님 환영합니다.")
VM1565:1 엄지민님 환영합니다.
undefined
document.write("제 이름은 " + name + "입니다.")
undefined
let result
undefined
result = 10
10
result = 20
20
const number = 10
undefined
number
10
number = 20
VM1823:1 Uncaught TypeError: Assignment to constant variable.
    at <anonymous>:1:8
(anonymous) @ VM1823:1
let age = 24
undefined
console.log(name + "님 나이는 " + age + "세 입니다.")
VM2131:1 엄지민님 나이는 24세 입니다.
undefined
console.log(`${name}님의 나이는 ${age}세 입니다.`)
VM2241:1 엄지민님의 나이는 24세 입니다.
undefined
let student = {
    major : "컴퓨터공학부",
    idNum : 201995051,
    name : "엄지민"
}
undefined
student
{major: '컴퓨터공학부', idNum: 201995051, name: '엄지민'}
student.name
'엄지민'
student["major"]
'컴퓨터공학부'
let id = Symbol()
undefined
const member = {
    name : "엄지민",
    [id] : 12345
}
undefined
member
{name: '엄지민', Symbol(): 12345}name: "엄지민"Symbol(): 12345[[Prototype]]: Object
member[id]
12345
